<?xml version="1.0" encoding="UTF-8"?>
<!-- Generated by org.testng.reporters.JUnitXMLReporter -->
<testsuite ignored="0" hostname="DESKTOP-QQMULL5" failures="1" tests="7" name="Chrome-PolicyFlow" time="52.654" errors="0" timestamp="2025-09-06T10:16:44 IST">
  <testcase classname="com.parabank.tests.LoginTests" name="invalidLogin" time="5.66">
    <failure type="java.lang.AssertionError" message="Invalid login should show an error. expected [ERROR] but found [SUCCESS]">
      <![CDATA[java.lang.AssertionError: Invalid login should show an error. expected [ERROR] but found [SUCCESS]
at com.parabank.tests.LoginTests.invalidLogin(LoginTests.java:49)
at java.base/java.util.ArrayList.forEach(ArrayList.java:1596)
at java.base/java.util.concurrent.FutureTask.run(FutureTask.java:317)
at java.base/java.util.concurrent.ThreadPoolExecutor.runWorker(ThreadPoolExecutor.java:1144)
at java.base/java.util.concurrent.ThreadPoolExecutor$Worker.run(ThreadPoolExecutor.java:642)
at java.base/java.lang.Thread.run(Thread.java:1583)
... Removed 19 stack frames]]>
    </failure>
  </testcase> <!-- invalidLogin -->
  <testcase classname="com.parabank.tests.LoginTests" name="validLogin" time="2.956"/>
  <testcase classname="com.parabank.tests.FundTransferTest" name="verifyFundTransfer" time="3.39"/>
  <testcase classname="com.parabank.tests.PremiumCalculationTests" name="validatePremium" time="2.011"/>
  <testcase classname="com.parabank.tests.PremiumCalculationTests" name="validatePremium" time="2.017"/>
  <testcase classname="com.parabank.tests.PremiumCalculationTests" name="validatePremium" time="2.007"/>
  <testcase classname="com.parabank.tests.PremiumCalculationTests" name="validatePremium" time="2.014"/>
</testsuite> <!-- Chrome-PolicyFlow -->
