<?xml version="1.0" encoding="UTF-8"?>
<!-- Generated by org.testng.reporters.JUnitXMLReporter -->
<testsuite ignored="0" hostname="DESKTOP-QQMULL5" failures="2" tests="11" name="Sequential-Tests" time="45.766" errors="0" timestamp="2025-09-05T20:25:40 IST">
  <testcase classname="com.parabank.tests.LoginTests" name="invalidLogin" time="2.2">
    <failure type="java.lang.AssertionError" message="Invalid login should show an error. expected [ERROR] but found [SUCCESS]">
      <![CDATA[java.lang.AssertionError: Invalid login should show an error. expected [ERROR] but found [SUCCESS]
at com.parabank.tests.LoginTests.invalidLogin(LoginTests.java:49)
at java.base/java.util.ArrayList.forEach(ArrayList.java:1596)
... Removed 29 stack frames]]>
    </failure>
  </testcase> <!-- invalidLogin -->
  <testcase classname="com.parabank.tests.LoginTests" name="validLogin" time="2.476"/>
  <testcase classname="com.parabank.tests.PolicyCreationTests" name="createPolicy" time="2.306"/>
  <testcase classname="com.parabank.tests.PolicyCreationTests" name="createPolicy" time="2.332"/>
  <testcase classname="com.parabank.tests.PremiumCalculationTests" name="validatePremium" time="0.003"/>
  <testcase classname="com.parabank.tests.PremiumCalculationTests" name="validatePremium" time="0.004"/>
  <testcase classname="com.parabank.tests.PremiumCalculationTests" name="validatePremium" time="0.001"/>
  <testcase classname="com.parabank.tests.PremiumCalculationTests" name="validatePremium" time="0.001"/>
  <testcase classname="com.parabank.tests.RenewalTests" name="renewPolicy" time="2.844"/>
  <testcase classname="com.parabank.tests.ClaimsTests" name="submitClaim" time="2.226"/>
  <testcase classname="com.parabank.tests.PaymentGatewayTests" name="failedPayment" time="1.229">
    <failure type="org.openqa.selenium.StaleElementReferenceException" message="stale element reference: stale element not found
  (Session info: chrome=139.0.7258.139)
For documentation on this error, please visit: https://www.selenium.dev/documentation/webdriver/troubleshooting/errors#stale-element-reference-exception
Build info: version: &amp;apos;4.21.0&amp;apos;, revision: &amp;apos;79ed462ef4&amp;apos;
System info: os.name: &amp;apos;Windows 11&amp;apos;, os.arch: &amp;apos;amd64&amp;apos;, os.version: &amp;apos;10.0&amp;apos;, java.version: &amp;apos;21.0.7&amp;apos;
Driver info: org.openqa.selenium.chrome.ChromeDriver
Command: [b7e7678c319e1dd152e7d549a4de2b6b, clickElement {id=f.DFDA8CD231D062CBDB51A8B0ECB40FFD.d.458470709BADE8B16DAD6DB33D7469CD.e.30}]
Capabilities {acceptInsecureCerts: false, browserName: chrome, browserVersion: 139.0.7258.139, chrome: {chromedriverVersion: 139.0.7258.154 (9e0d6b2b47f..., userDataDir: C:\Users\Lenovo\AppData\Loc...}, fedcm:accounts: true, goog:chromeOptions: {debuggerAddress: localhost:61973}, networkConnectionEnabled: false, pageLoadStrategy: normal, platformName: windows, proxy: Proxy(), se:cdp: ws://localhost:61973/devtoo..., se:cdpVersion: 139.0.7258.139, setWindowRect: true, strictFileInteractability: false, timeouts: {implicit: 0, pageLoad: 300000, script: 30000}, unhandledPromptBehavior: dismiss and notify, webauthn:extension:credBlob: true, webauthn:extension:largeBlob: true, webauthn:extension:minPinLength: true, webauthn:extension:prf: true, webauthn:virtualAuthenticators: true}
Element: [[ChromeDriver: chrome on windows (b7e7678c319e1dd152e7d549a4de2b6b)] -&amp;gt; link text: Bill Pay]
Session ID: b7e7678c319e1dd152e7d549a4de2b6b">
      <![CDATA[org.openqa.selenium.StaleElementReferenceException: stale element reference: stale element not found
  (Session info: chrome=139.0.7258.139)
For documentation on this error, please visit: https://www.selenium.dev/documentation/webdriver/troubleshooting/errors#stale-element-reference-exception
Build info: version: '4.21.0', revision: '79ed462ef4'
System info: os.name: 'Windows 11', os.arch: 'amd64', os.version: '10.0', java.version: '21.0.7'
Driver info: org.openqa.selenium.chrome.ChromeDriver
Command: [b7e7678c319e1dd152e7d549a4de2b6b, clickElement {id=f.DFDA8CD231D062CBDB51A8B0ECB40FFD.d.458470709BADE8B16DAD6DB33D7469CD.e.30}]
Capabilities {acceptInsecureCerts: false, browserName: chrome, browserVersion: 139.0.7258.139, chrome: {chromedriverVersion: 139.0.7258.154 (9e0d6b2b47f..., userDataDir: C:\Users\Lenovo\AppData\Loc...}, fedcm:accounts: true, goog:chromeOptions: {debuggerAddress: localhost:61973}, networkConnectionEnabled: false, pageLoadStrategy: normal, platformName: windows, proxy: Proxy(), se:cdp: ws://localhost:61973/devtoo..., se:cdpVersion: 139.0.7258.139, setWindowRect: true, strictFileInteractability: false, timeouts: {implicit: 0, pageLoad: 300000, script: 30000}, unhandledPromptBehavior: dismiss and notify, webauthn:extension:credBlob: true, webauthn:extension:largeBlob: true, webauthn:extension:minPinLength: true, webauthn:extension:prf: true, webauthn:virtualAuthenticators: true}
Element: [[ChromeDriver: chrome on windows (b7e7678c319e1dd152e7d549a4de2b6b)] -> link text: Bill Pay]
Session ID: b7e7678c319e1dd152e7d549a4de2b6b
at org.openqa.selenium.remote.ErrorCodec.decode(ErrorCodec.java:167)
at org.openqa.selenium.remote.codec.w3c.W3CHttpResponseCodec.decode(W3CHttpResponseCodec.java:138)
at org.openqa.selenium.remote.codec.w3c.W3CHttpResponseCodec.decode(W3CHttpResponseCodec.java:50)
at org.openqa.selenium.remote.HttpCommandExecutor.execute(HttpCommandExecutor.java:190)
at org.openqa.selenium.remote.service.DriverCommandExecutor.invokeExecute(DriverCommandExecutor.java:216)
at org.openqa.selenium.remote.service.DriverCommandExecutor.execute(DriverCommandExecutor.java:174)
at org.openqa.selenium.remote.RemoteWebDriver.execute(RemoteWebDriver.java:518)
at org.openqa.selenium.remote.RemoteWebElement.execute(RemoteWebElement.java:223)
at org.openqa.selenium.remote.RemoteWebElement.click(RemoteWebElement.java:76)
at com.parabank.pages.HomePage.goToBillPay(HomePage.java:18)
at com.parabank.tests.PaymentGatewayTests.failedPayment(PaymentGatewayTests.java:17)
at java.base/java.util.ArrayList.forEach(ArrayList.java:1596)
... Removed 28 stack frames]]>
    </failure>
  </testcase> <!-- failedPayment -->
</testsuite> <!-- Sequential-Tests -->
